2020-03-12 12:06:57,196 INFO by.academy.it.impl.RYFlightScanner [main] Start parsing on Ryanair.com, starting date: 2020-03-22 dayCount: 10 RouteMap RY--VNO--BVA--DIRECT
2020-03-12 12:07:18,942 INFO by.academy.it.impl.RYFlightScanner [main] Flight found: {"arriveDateTime":"2020-03-26T17:20:00.000","routeMap":"RY--VNO--BVA--DIRECT","departureDateTime":"2020-03-26T15:30:00.000","amount":"36.99","currency":"EUR","flightNumber":"FR 1737"}
2020-03-12 12:07:24,968 INFO by.academy.it.impl.RYFlightScanner [main] Flight found: {"arriveDateTime":"2020-03-28T19:35:00.000","routeMap":"RY--VNO--BVA--DIRECT","departureDateTime":"2020-03-28T17:45:00.000","amount":"26.99","currency":"EUR","flightNumber":"FR 1737"}
2020-03-12 12:07:27,319 INFO by.academy.it.impl.RYFlightScanner [main] Flight found: {"arriveDateTime":"2020-03-29T19:35:00.000","routeMap":"RY--VNO--BVA--DIRECT","departureDateTime":"2020-03-29T17:45:00.000","amount":"26.99","currency":"EUR","flightNumber":"FR 7233"}
2020-03-12 12:07:40,351 INFO by.academy.it.impl.RYFlightScanner [main] Flight scanning successfully ended
2020-03-12 13:26:25,804 INFO by.academy.it.impl.RYFlightScanner [main] Start parsing on Ryanair.com, starting date: 2020-03-22 dayCount: 10 RouteMap RY--VNO--BVA--DIRECT
2020-03-12 13:26:44,780 INFO by.academy.it.impl.RYFlightScanner [main] Flight found: {"arriveDateTime":"2020-03-26T17:20:00.000","routeMap":"RY--VNO--BVA--DIRECT","departureDateTime":"2020-03-26T15:30:00.000","amount":"36.99","currency":"EUR","flightNumber":"FR 1737"}
2020-03-12 13:26:50,808 INFO by.academy.it.impl.RYFlightScanner [main] Flight found: {"arriveDateTime":"2020-03-28T19:35:00.000","routeMap":"RY--VNO--BVA--DIRECT","departureDateTime":"2020-03-28T17:45:00.000","amount":"26.99","currency":"EUR","flightNumber":"FR 1737"}
2020-03-12 13:26:54,046 INFO by.academy.it.impl.RYFlightScanner [main] Flight found: {"arriveDateTime":"2020-03-29T19:35:00.000","routeMap":"RY--VNO--BVA--DIRECT","departureDateTime":"2020-03-29T17:45:00.000","amount":"26.99","currency":"EUR","flightNumber":"FR 7233"}
2020-03-12 13:27:07,872 INFO by.academy.it.impl.RYFlightScanner [main] Start parsing on Ryanair.com, starting date: 2020-03-27 dayCount: 10 RouteMap RY--BVA--VNO--RETURN
2020-03-12 13:27:17,317 INFO by.academy.it.impl.RYFlightScanner [main] Flight found: {"arriveDateTime":"2020-03-28T23:40:00.000","routeMap":"RY--BVA--VNO--RETURN","departureDateTime":"2020-03-28T20:00:00.000","amount":"26.99","currency":"EUR","flightNumber":"FR 1736"}
2020-03-12 13:27:22,253 INFO by.academy.it.impl.RYFlightScanner [main] Flight found: {"arriveDateTime":"2020-03-29T23:35:00.000","routeMap":"RY--BVA--VNO--RETURN","departureDateTime":"2020-03-29T20:00:00.000","amount":"26.99","currency":"EUR","flightNumber":"FR 7234"}
2020-03-12 13:27:41,302 INFO by.academy.it.impl.RYFlightScanner [main] Flight found: {"arriveDateTime":"2020-04-03T23:55:00.000","routeMap":"RY--BVA--VNO--RETURN","departureDateTime":"2020-04-03T20:20:00.000","amount":"26.99","currency":"EUR","flightNumber":"FR 7234"}
2020-03-12 13:27:50,768 INFO by.academy.it.impl.RYFlightScanner [main] Flight found: {"arriveDateTime":"2020-04-05T23:35:00.000","routeMap":"RY--BVA--VNO--RETURN","departureDateTime":"2020-04-05T20:00:00.000","amount":"26.99","currency":"EUR","flightNumber":"FR 7234"}
2020-03-12 13:27:54,805 INFO by.academy.it.impl.RYFlightScanner [main] Flight scanning successfully ended
2020-03-12 13:27:54,808 INFO by.academy.it.impl.RYFlightScanner [main] Start parsing on Ryanair.com, starting date: 2020-03-22 dayCount: 30 RouteMap RY--VNO--BVA--DIRECT
2020-03-12 13:28:16,941 INFO by.academy.it.impl.RYFlightScanner [main] Flight found: {"arriveDateTime":"2020-03-26T17:20:00.000","routeMap":"RY--VNO--BVA--DIRECT","departureDateTime":"2020-03-26T15:30:00.000","amount":"36.99","currency":"EUR","flightNumber":"FR 1737"}
2020-03-12 13:28:27,525 INFO by.academy.it.impl.RYFlightScanner [main] Flight found: {"arriveDateTime":"2020-03-28T19:35:00.000","routeMap":"RY--VNO--BVA--DIRECT","departureDateTime":"2020-03-28T17:45:00.000","amount":"26.99","currency":"EUR","flightNumber":"FR 1737"}
2020-03-12 13:28:32,149 INFO by.academy.it.impl.RYFlightScanner [main] Flight found: {"arriveDateTime":"2020-03-29T19:35:00.000","routeMap":"RY--VNO--BVA--DIRECT","departureDateTime":"2020-03-29T17:45:00.000","amount":"26.99","currency":"EUR","flightNumber":"FR 7233"}
2020-03-12 13:28:49,621 INFO by.academy.it.impl.RYFlightScanner [main] Flight found: {"arriveDateTime":"2020-04-03T19:55:00.000","routeMap":"RY--VNO--BVA--DIRECT","departureDateTime":"2020-04-03T18:05:00.000","amount":"26.99","currency":"EUR","flightNumber":"FR 7233"}
2020-03-12 13:28:57,546 INFO by.academy.it.impl.RYFlightScanner [main] Flight found: {"arriveDateTime":"2020-04-05T19:35:00.000","routeMap":"RY--VNO--BVA--DIRECT","departureDateTime":"2020-04-05T17:45:00.000","amount":"26.99","currency":"EUR","flightNumber":"FR 7233"}
2020-03-12 13:29:15,854 INFO by.academy.it.impl.RYFlightScanner [main] Flight found: {"arriveDateTime":"2020-04-10T19:55:00.000","routeMap":"RY--VNO--BVA--DIRECT","departureDateTime":"2020-04-10T18:05:00.000","amount":"26.99","currency":"EUR","flightNumber":"FR 7233"}
2020-03-12 13:29:24,105 INFO by.academy.it.impl.RYFlightScanner [main] Flight found: {"arriveDateTime":"2020-04-12T19:35:00.000","routeMap":"RY--VNO--BVA--DIRECT","departureDateTime":"2020-04-12T17:45:00.000","amount":"26.99","currency":"EUR","flightNumber":"FR 7233"}
2020-03-12 13:29:34,474 INFO by.academy.it.impl.RYFlightScanner [main] Flight found: {"arriveDateTime":"2020-04-14T09:55:00.000","routeMap":"RY--VNO--BVA--DIRECT","departureDateTime":"2020-04-14T08:05:00.000","amount":"40.98","currency":"EUR","flightNumber":"FR 7233"}
2020-03-12 13:29:45,391 INFO by.academy.it.impl.RYFlightScanner [main] Flight found: {"arriveDateTime":"2020-04-17T19:55:00.000","routeMap":"RY--VNO--BVA--DIRECT","departureDateTime":"2020-04-17T18:05:00.000","amount":"32.99","currency":"EUR","flightNumber":"FR 7233"}
2020-03-12 13:29:52,164 INFO by.academy.it.impl.RYFlightScanner [main] Flight found: {"arriveDateTime":"2020-04-19T19:35:00.000","routeMap":"RY--VNO--BVA--DIRECT","departureDateTime":"2020-04-19T17:45:00.000","amount":"108.99","currency":"EUR","flightNumber":"FR 7233"}
2020-03-12 13:29:57,997 INFO by.academy.it.impl.RYFlightScanner [main] Flight found: {"arriveDateTime":"2020-04-21T09:55:00.000","routeMap":"RY--VNO--BVA--DIRECT","departureDateTime":"2020-04-21T08:05:00.000","amount":"32.99","currency":"EUR","flightNumber":"FR 7233"}
2020-03-12 13:29:57,997 INFO by.academy.it.impl.RYFlightScanner [main] Flight scanning successfully ended
2020-03-12 13:29:57,998 INFO by.academy.it.impl.RYFlightScanner [main] Start parsing on Ryanair.com, starting date: 2020-03-27 dayCount: 30 RouteMap RY--BVA--VNO--RETURN
2020-03-12 13:30:07,725 INFO by.academy.it.impl.RYFlightScanner [main] Flight found: {"arriveDateTime":"2020-03-28T23:40:00.000","routeMap":"RY--BVA--VNO--RETURN","departureDateTime":"2020-03-28T20:00:00.000","amount":"26.99","currency":"EUR","flightNumber":"FR 1736"}
2020-03-12 13:30:13,252 INFO by.academy.it.impl.RYFlightScanner [main] Flight found: {"arriveDateTime":"2020-03-29T23:35:00.000","routeMap":"RY--BVA--VNO--RETURN","departureDateTime":"2020-03-29T20:00:00.000","amount":"26.99","currency":"EUR","flightNumber":"FR 7234"}
2020-03-12 13:30:36,156 INFO by.academy.it.impl.RYFlightScanner [main] Flight found: {"arriveDateTime":"2020-04-03T23:55:00.000","routeMap":"RY--BVA--VNO--RETURN","departureDateTime":"2020-04-03T20:20:00.000","amount":"26.99","currency":"EUR","flightNumber":"FR 7234"}
2020-03-12 13:30:41,162 INFO by.academy.it.impl.RYFlightScanner [main] Flight found: {"arriveDateTime":"2020-04-05T23:35:00.000","routeMap":"RY--BVA--VNO--RETURN","departureDateTime":"2020-04-05T20:00:00.000","amount":"26.99","currency":"EUR","flightNumber":"FR 7234"}
2020-03-12 13:31:01,466 INFO by.academy.it.impl.RYFlightScanner [main] Flight found: {"arriveDateTime":"2020-04-10T23:55:00.000","routeMap":"RY--BVA--VNO--RETURN","departureDateTime":"2020-04-10T20:20:00.000","amount":"48.63","currency":"EUR","flightNumber":"FR 7234"}
2020-03-12 13:31:08,554 INFO by.academy.it.impl.RYFlightScanner [main] Flight found: {"arriveDateTime":"2020-04-12T23:35:00.000","routeMap":"RY--BVA--VNO--RETURN","departureDateTime":"2020-04-12T20:00:00.000","amount":"26.99","currency":"EUR","flightNumber":"FR 7234"}
2020-03-12 13:31:17,798 INFO by.academy.it.impl.RYFlightScanner [main] Flight found: {"arriveDateTime":"2020-04-14T13:55:00.000","routeMap":"RY--BVA--VNO--RETURN","departureDateTime":"2020-04-14T10:20:00.000","amount":"32.24","currency":"EUR","flightNumber":"FR 7234"}
2020-03-12 13:31:30,412 INFO by.academy.it.impl.RYFlightScanner [main] Flight found: {"arriveDateTime":"2020-04-17T23:55:00.000","routeMap":"RY--BVA--VNO--RETURN","departureDateTime":"2020-04-17T20:20:00.000","amount":"34.18","currency":"EUR","flightNumber":"FR 7234"}
2020-03-12 13:31:35,011 INFO by.academy.it.impl.RYFlightScanner [main] Flight found: {"arriveDateTime":"2020-04-19T23:35:00.000","routeMap":"RY--BVA--VNO--RETURN","departureDateTime":"2020-04-19T20:00:00.000","amount":"32.99","currency":"EUR","flightNumber":"FR 7234"}
2020-03-12 13:31:44,995 INFO by.academy.it.impl.RYFlightScanner [main] Flight found: {"arriveDateTime":"2020-04-21T13:55:00.000","routeMap":"RY--BVA--VNO--RETURN","departureDateTime":"2020-04-21T10:20:00.000","amount":"32.99","currency":"EUR","flightNumber":"FR 7234"}
2020-03-12 13:31:57,238 INFO by.academy.it.impl.RYFlightScanner [main] Flight found: {"arriveDateTime":"2020-04-24T23:55:00.000","routeMap":"RY--BVA--VNO--RETURN","departureDateTime":"2020-04-24T20:20:00.000","amount":"30.99","currency":"EUR","flightNumber":"FR 7234"}
2020-03-12 13:32:07,277 INFO by.academy.it.impl.RYFlightScanner [main] Flight found: {"arriveDateTime":"2020-04-26T23:35:00.000","routeMap":"RY--BVA--VNO--RETURN","departureDateTime":"2020-04-26T20:00:00.000","amount":"26.99","currency":"EUR","flightNumber":"FR 7234"}
2020-03-12 13:32:07,277 INFO by.academy.it.impl.RYFlightScanner [main] Flight scanning successfully ended
